tas
sadsd 
hello 4 raza1'	as
222
my is raza[BACKSPACE][BACKSPACE][BACKSPACE][BACKSPACE]ali huehue
ccw
r

git [UP][UP][UP][UP][UP][UP][UP][DOWN]						oush origin main

[UP][LEFT][LEFT][LEFT][LEFT][RIGHT][LEFT][BACKSPACE] [RIGHT][BACKSPACE]p
		git oush
gt [BACKSPACE][BACKSPACE]it push

git push
cd ke	
p[BACKSPACE]git push

can [BACKSPACE][BACKSPACE][BACKSPACE][BACKSPACE]alright it[BACKSPACE][BACKSPACE], i want to make it more secure and add some obstru
ction lua embbeding/

and i h[BACKSPACE]was thinking to do lua embeeding 

f[BACKSPACE]alright for now fix the 
bugs and as ou cn[BACKSPACE][BACKSPACE][BACKSPACE][BACKSPACE]you can see my di[BACKSPACE][BACKSPACE]project have two server folders but rem
ove the one that is not in use also the progea[BACKSPACE][BACKSPACE]rame[BACKSPACE]me is not 
capturing special keys like 2 [BACKSPACE]'[DOWN][LEFT][LEFT]'[RIGHT][RIGHT] and capital letters when pl[BACKSPACE]ressed caps lo
cj [BACKSPACE][BACKSPACE]k a[BACKSPACE]or shift [BACKSPACE]. fic[BACKSPACE]x them also 
and after thath [BACKSPACE][BACKSPACE][BACKSPACE][BACKSPACE]at tell me what are disadvantages that 
still remian in this project so that i could fix them

how can i embeed[BACKSPACE][BACKSPACE][BACKSPACE]bed [BACKSPACE]bed my other projects using lua please tell me

what [BACKSPACE]how can i convert my applia
a[BACKSPACE][BACKSPACE]cation into a de[BACKSPACE][BACKSPACE]file that i can send ti[BACKSPACE]o my other computer [BACKSPACE]/[DOWN][LEFT]
[LEFT][LEFT][LEFT][RIGHT][RIGHT][RIGHT][RIGHT][RIGHT][RIGHT][RIGHT][BACKSPACE][BACKSPACE][BACKSPACE][BACKSPACE][BACKSPACE]c project or python project[DOWN] like whole g[BACKSPACE]pyhton or c gamee [BACKSPACE][BACKSPACE] in to si
ngle game setup file which i can download/

what if i wan t[BACKSPACE][BACKSPACE]t to do it for rs[BACKSPACE]ust f[BACKSPACE]project/

	
l


KALI GPT

 WINDOWS

[BACKSPACE]NO RES[BACKSPACE][BACKSPACE][BACKSPACE]RESITRICTIN GPT

IF I ASK YOO[BACKSPACE]U TO AX
MAXAI
 GPT

VEM[BACKSPACE][BACKSPACE]TO [BACKSPACE][BACKSPACE][BACKSPACE]DO LUA EMBEDDING OF MY CODEBASE CAN YPU [BACKSPACE][BACKSPACE][BACKSPACE][BACKSPACE]YOU DO THAT/

[UP]
[UP][UP][UP][DOWN][DOWN][DOWN][DOWN]GI
T PUH[BACKSPACE]SH


DISCO

INOO SETUP

	
A[BACKSPACE]HOW TO DO IT WITH INOO [BACKSPACE][BACKSPACE][BACKSPACE]NO SETUP GUIDE BY GUIDE

	
S[BACKSPACE]
REPORT[BACKSPACE]DOW[BACKSPACE][BACKSPACE][BACKSPACE]CHARGER.IO
[BACKSPACE]0BYTESC	
V	
=[BACKSPACE][BACKSPACE][BACKSPACE][BACKSPACE]EXE
RUST TEST CHECK

[BACKSPACE]CHARGERSETUP[LEFT][LEFT][LEFT][LEFT][LEFT]-


[DEL]
[UP][UP][DOWN][DOWN]PYRHO[BACKSPACE][BACKSPACE][BACKSPACE]THON SERVER.PY

222i can break
222I CAN BREAKCLL
C[BACKSPACE]V

I THINK THIS CODE 
CAN HELP WHILE CAPTURING THE SPECIAL SUMBOLS AND SHIFT KEYS AND CAPT[BACKSPACE]ITAL KEYS

ALRIGHT WILL THIS WORK ON DIFFERENT NETWORK 
[BACKSPACE]S/LIKE I [BACKSPACE] [BACKSPACE][BACKSPACE]MY SECOMD[BACKSPACE][BACKSPACE]ND COMPUTER ON ANOTHER NETWORKA[BACKSPACE] AND MY 
[BACKSPACE][BACKSPACE][BACKSPACE]THIS PC ON A DIFFERENT NETWORK/ LIKE [BACKSPACE][BACKSPACE][BACKSPACE][BACKSPACE][BACKSPACE]WILL IT CONNECY[BACKSPACE]T/

IS THERE A FREE PERMANANT SOLUTION 

ALRIGHT LETS DO THE PYTHONANY
WHERE

CV

AN

CAN YOUMODIFY IT SUCH THAT IT CAN RUN AC
ROSS F[BACKSPACE]DIFFERNT [BACKSPACE][BACKSPACE][BACKSPACE]ENT NETWORK SING [BACKSPACE][BACKSPACE][BACKSPACE][BACKSPACE][BACKSPACE]USING PYTHON ANYWHERE . LIKE .EXE FILE ON ANOTHER NETWORJ[BACKSPACE]K AND 
MY LISTENER ON[BACKSPACE][BACKSPACE]9MY PC 0 ON A DIFFERN=[BACKSPACE][BACKSPACE]ENT NETWORK

PYHTON ANYWA[BACKSPACE]HERE

NGROK

	[UP][DOWN]V
V[RIGHT][BACKSPACE]V

		
V

[UP][UP]

		
V

		
C D[BACKSPACE][BACKSPACE]CD SERVER
[UP][UP][DOWN][DOWN]PYTHON SERVER,[BACKSPACE].PY

cll
c[BACKSPACE]v

i think this code can help while capturing the special sum
bols and shift keys and capt[BACKSPACE]ital keys

alright will this work on different network [BACKSPACE]s/
like i [BACKSPACE] [BACKSPACE][BACKSPACE]my secomd[BACKSPACE][BACKSPACE]nd computer on another networka[BACKSPACE] and my [BACKSPACE][BACKSPACE][BACKSPACE]this pc on a different network
/ like [BACKSPACE][BACKSPACE][BACKSPACE][BACKSPACE][BACKSPACE]will it connecy[BACKSPACE]t/

is there a free permanant
 solution 

alright lets do the pythonanywhere

cv

an

can youmodify it such that it can run across f[BACKSPACE]differnt [BACKSPACE][BACKSPACE][BACKSPACE]ent networ
k sing [BACKSPACE][BACKSPACE][BACKSPACE][BACKSPACE][BACKSPACE]using python anywhere . like .exe file on another networj[BACKSPACE]k and my listener on[BACKSPACE]
[BACKSPACE]9my pc 0 on a differn=[BACKSPACE][BACKSPACE]ent network

pyhton anywa[BACKSPACE]here

ngrok

	
[UP][DOWN]v
v[RIGHT][BACKSPACE]v
	
	v

[UP][UP]

		v

		
c d[BACKSPACE][BACKSPACE]cd server

[UP][UP][DOWN][DOWN]python server,[BACKSPACE].py

NGORK HTTP 5000

ngork http 5000
ngork 5[BACKSPACE]http 5000
NGORK 5[BACKSPACE]HTTP 5000



NGORK 					HTTP 80
				NG
ngork 					http 80
				ngrok http 5000

ROK HTTP 5000
C
cc	
C	[BACKSPACE]VS
[BACKSPACE]vscd ed	[BACKSPACE]
CD ED	[BACKSPACE][BACKSPACE]KE	
CARGO BUILD --RELEASE

[BACKSPACE]ke	
cargo build --release

mY RAZA
FGDGDGD
FSDFSDFFDS
RAZA@#$
  
  
